<?xml version="1.0" encoding="UTF-8"?>
<!-- Generated by org.testng.reporters.JUnitReportReporter -->
<testsuite name="com.umbrellar.test.UmbrellarTest" tests="10" time="16.959" ignored="0" failures="0" timestamp="24 Jan 2019 10:36:26 GMT" skipped="0" hostname="lenovo" errors="0">
  <testcase name="selectTheTrolyTest" time="1.290" classname="com.umbrellar.test.UmbrellarTest"/>
  <testcase name="loginUserTest" time="10.581" classname="com.umbrellar.test.UmbrellarTest"/>
  <testcase name="clickViewAllTest" time="0.284" classname="com.umbrellar.test.UmbrellarTest"/>
  <testcase name="searchShopFromListTest" time="1.587" classname="com.umbrellar.test.UmbrellarTest"/>
  <testcase name="selectTheProductTest" time="0.464" classname="com.umbrellar.test.UmbrellarTest"/>
  <testcase name="enterItemListTest" time="0.142" classname="com.umbrellar.test.UmbrellarTest"/>
  <testcase name="clearTrolyTest" time="0.002" classname="com.umbrellar.test.UmbrellarTest"/>
  <testcase name="findFromSearchResultTest" time="0.938" classname="com.umbrellar.test.UmbrellarTest"/>
  <testcase name="addToTrolyTest" time="1.130" classname="com.umbrellar.test.UmbrellarTest"/>
  <testcase name="saveTrolyTest" time="0.541" classname="com.umbrellar.test.UmbrellarTest"/>
</testsuite> <!-- com.umbrellar.test.UmbrellarTest -->
