<?xml version="1.0" encoding="UTF-8"?>
<!-- Generated by org.testng.reporters.JUnitReportReporter -->
<testsuite name="com.olympic.test.OlympicTestMain" tests="9" time="18.109" ignored="0" failures="0" timestamp="24 Jan 2019 19:41:15 GMT" skipped="0" hostname="lenovo" errors="0">
  <testcase name="selectTheProductTest" time="0.490" classname="com.olympic.test.OlympicTestMain"/>
  <testcase name="selectTheTrolyTest" time="1.278" classname="com.olympic.test.OlympicTestMain"/>
  <testcase name="searchShopFromListTest" time="1.404" classname="com.olympic.test.OlympicTestMain"/>
  <testcase name="clickViewAllTest" time="0.281" classname="com.olympic.test.OlympicTestMain"/>
  <testcase name="findFromSearchResultTest" time="1.073" classname="com.olympic.test.OlympicTestMain"/>
  <testcase name="saveTrolyTest" time="0.647" classname="com.olympic.test.OlympicTestMain"/>
  <testcase name="loginUserTest" time="11.558" classname="com.olympic.test.OlympicTestMain"/>
  <testcase name="addToTrolyTest" time="0.266" classname="com.olympic.test.OlympicTestMain"/>
  <testcase name="enterItemListTest" time="1.112" classname="com.olympic.test.OlympicTestMain"/>
</testsuite> <!-- com.olympic.test.OlympicTestMain -->
